2017-04-10 09:31:58 trace :
------------
String:
<xml><ToUserName><![CDATA[toUser]]></ToUserName><FromUserName><![CDATA[fromUser]]></FromUserName><CreateTime>1491788099</CreateTime><MsgType><![CDATA[text]]></MsgType><Content><![CDATA[测试内容]]></Content><MsgId>1234567890123456</MsgId></xml>

2017-04-10 09:31:59 params :
------------
String:
array (
  'rule' => -2,
  'module' => '',
  'message' => 
  array (
    'tousername' => 'toUser',
    'fromusername' => 'fromUser',
    'createtime' => '1491788099',
    'msgtype' => 'text',
    'content' => '测试内容',
    'msgid' => '1234567890123456',
    'from' => 'fromUser',
    'to' => 'toUser',
    'time' => '1491788099',
    'type' => 'text',
    'event' => NULL,
    'redirection' => false,
    'source' => NULL,
  ),
)

2017-04-10 09:31:59 response :
------------

